11:36:43 - URL: /users/651bc31f5c1b2cffa0aa9c54, Status Code: 401, Message: Access Denied. No token provided
11:37:01 - URL: /users/651bc31f5c1b2cffa0aa9c54, Status Code: 400, Message: User is not authorized to do that operation.
12:06:50 - URL: /products?cat=ben, Status Code: 400, Message: Error! Category was not found.
12:08:46 - URL: /products?cat=ben, Status Code: 400, Message: Error! Category was not found.
12:16:18 - URL: /products?cat=bakery, Status Code: 400, Message: Error! Category was not found.
13:08:54 - URL: /products/651d4462b8b56fef7df28822, Status Code: 400, Message: A Product with this 'sn' already Exists!
13:11:19 - URL: /products/651d4462b8b56fef7df28822, Status Code: 400, Message: Failed to update card.
13:14:20 - URL: /products/651d44da602df9683aa56b03, Status Code: 401, Message: Access Denied. No token provided
13:14:36 - URL: /products/651d44da602df9683aa56b03, Status Code: 400, Message: User is not authorized to do that operation.
13:14:45 - URL: /products/651d44da602df9683aa56b03, Status Code: 400, Message: Failed to delete card.
13:36:03 - URL: /categories, Status Code: 401, Message: Access Denied. No token provided
13:36:26 - URL: /categories, Status Code: 400, Message: User is not authorized to do that operation.
13:36:36 - URL: /categories, Status Code: 400, Message: Category validation failed: "className" is required
13:39:34 - URL: /categories, Status Code: 400, Message: Category validation failed: "title" is required
13:50:50 - URL: /categories, Status Code: 401, Message: Access Denied. No token provided
13:52:51 - URL: /categories/123456, Status Code: 400, Message: Failed to get Category with this id.
13:53:07 - URL: /categories/123456, Status Code: 400, Message: Failed to get a Category with this id.
13:56:32 - URL: /categories, Status Code: 400, Message: Failed to create new category: E11000 duplicate key error collection: myStore.categories index: className_1 dup key: { className: "CleaningSupplies" }
13:59:06 - URL: /categories/651e926c86994a5e6e7c34da, Status Code: 400, Message: Failed to update category: Plan executor error during findAndModify :: caused by :: E11000 duplicate key error collection: myStore.categories index: className_1 dup key: { className: "Dairy" }
13:59:35 - URL: /categories/651e926c86994a5e6e7c34da, Status Code: 400, Message: Failed to update category: Plan executor error during findAndModify :: caused by :: E11000 duplicate key error collection: myStore.categories index: title_1 dup key: { title: "Dairy" }
14:11:03 - URL: /categories/651e99a30d4ca226a568359e, Status Code: 400, Message: Category validation failed: "main" is not allowed
14:17:03 - URL: /categories/651e9940816e1d2f4e9b5284, Status Code: 401, Message: Access Denied. No token provided
14:18:18 - URL: /categories/651e9940816e1d2f4e9b5284, Status Code: 400, Message: Main Category can not be deleted.
14:22:34 - URL: /categories, Status Code: 400, Message: Failed to create new category: E11000 duplicate key error collection: myStore.categories index: className_1 dup key: { className: "CleaningSupplies" }
14:23:06 - URL: /categories/651e9940816e1d2f4e9b5284, Status Code: 400, Message: Main Category can not be deleted.
