11:13:18 - URL: /users?search=john_doe@gmail.com, Status Code: 401, Message: Access Denied. No token provided
11:23:14 - URL: /users, Status Code: 400, Message: User already registered
11:24:34 - URL: /users, Status Code: 400, Message: User already registered
11:26:01 - URL: /users, Status Code: 400, Message: User already registered
11:31:45 - URL: /users, Status Code: 400, Message: User already registered
11:34:14 - URL: /users, Status Code: 400, Message: User already registered
11:35:43 - URL: /users, Status Code: 400, Message: User already registered
11:36:44 - URL: /users, Status Code: 400, Message: User already registered
11:38:37 - URL: /users, Status Code: 400, Message: User already registered
11:53:56 - URL: /users?search=[object%20Object], Status Code: 401, Message: Access Denied. No token provided
11:54:21 - URL: /users, Status Code: 400, Message: User already registered
11:54:47 - URL: /users/login, Status Code: 400, Message: "email" is required
11:54:52 - URL: /users, Status Code: 400, Message: User already registered
11:55:11 - URL: /users, Status Code: 400, Message: User already registered
11:55:27 - URL: /users/login, Status Code: 400, Message: "email" is required
11:59:45 - URL: /users?search=[object%20Object], Status Code: 401, Message: Access Denied. No token provided
12:01:11 - URL: /users?search=eyJhbGciOiJIUzI1NiIsInR5cCI6IkpXVCJ9.eyJfaWQiOiI2NTIyNmY5ZGI4ZDNjM2ZhY2NjYzAwZTYiLCJpc0FkbWluIjpmYWxzZSwiaWF0IjoxNjk2NzU1NjE0fQ.mEbN5PZkUvUM53eJU233l4v4Gz1e7BsZU0x3Rj--kcI, Status Code: 401, Message: Access Denied. No token provided
12:03:04 - URL: /users/me%7D, Status Code: 401, Message: Access Denied. No token provided
12:06:34 - URL: /users/me%7D, Status Code: 400, Message: User is not authorized to do that operation.
12:07:24 - URL: /users/me%7D, Status Code: 400, Message: User is not authorized to do that operation.
12:08:49 - URL: /users/me%7D, Status Code: 400, Message: User is not authorized to do that operation.
12:10:09 - URL: /users/me%7D, Status Code: 400, Message: User is not authorized to do that operation.
12:36:51 - URL: /users/me, Status Code: 400, Message: Invalid Token
12:37:01 - URL: /users/me, Status Code: 400, Message: Invalid Token
12:43:39 - URL: /users/me, Status Code: 401, Message: Access Denied. No token provided
12:45:27 - URL: /users, Status Code: 400, Message: User already registered
12:45:28 - URL: /users/me, Status Code: 401, Message: Access Denied. No token provided
12:45:59 - URL: /users/me, Status Code: 401, Message: Access Denied. No token provided
12:49:28 - URL: /users, Status Code: 400, Message: User already registered
12:54:38 - URL: /users/me, Status Code: 401, Message: Access Denied. No token provided
13:04:44 - URL: /users/me, Status Code: 401, Message: Access Denied. No token provided
13:06:27 - URL: /users, Status Code: 400, Message: User already registered
